<?xml version="1.0" encoding="UTF-8"?>
<!-- Generated by org.testng.reporters.JUnitReportReporter -->
<testsuite hostname="DESKTOP-OQR98QU" failures="0" tests="1" name="testNGpackge.Ebaypgm" time="3.237" errors="0" timestamp="2023-01-20T16:08:28 IST" skipped="0">
  <testcase classname="testNGpackge.Ebaypgm" name="test1" time="3.237"/>
  <system-out/>
</testsuite> <!-- testNGpackge.Ebaypgm -->
