<?xml version="1.0" encoding="UTF-8"?>
<!-- Generated by org.testng.reporters.JUnitReportReporter -->
<testsuite hostname="DESKTOP-OQR98QU" failures="0" tests="1" name="testNGpackge.Ilovepdfdemo" time="3.923" errors="0" timestamp="2023-01-20T17:32:20 IST" skipped="0">
  <testcase classname="testNGpackge.Ilovepdfdemo" name="test1" time="3.923"/>
  <system-out/>
</testsuite> <!-- testNGpackge.Ilovepdfdemo -->
