<?xml version="1.0" encoding="UTF-8"?>
<!-- Generated by org.testng.reporters.JUnitReportReporter -->
<testsuite hostname="DESKTOP-OQR98QU" failures="0" tests="1" name="testNGpackge.Copypastepgm" time="0.710" errors="0" timestamp="2023-01-17T14:10:44 IST" skipped="0">
  <testcase classname="testNGpackge.Copypastepgm" name="test1" time="0.710"/>
  <system-out/>
</testsuite> <!-- testNGpackge.Copypastepgm -->
