<?xml version="1.0" encoding="UTF-8"?>
<!-- Generated by org.testng.reporters.JUnitReportReporter -->
<testsuite hostname="DESKTOP-OQR98QU" failures="0" tests="5" name="testNGpackge.Redifftesting" time="3.850" errors="0" timestamp="2023-01-17T13:42:46 IST" skipped="0">
  <testcase classname="testNGpackge.Redifftesting" name="valuepassing" time="3.391"/>
  <system-out/>
  <testcase classname="testNGpackge.Redifftesting" name="checkboxselecting" time="0.204"/>
  <system-out/>
  <testcase classname="testNGpackge.Redifftesting" name="logochecking" time="0.100"/>
  <system-out/>
  <testcase classname="testNGpackge.Redifftesting" name="textmatching" time="0.051"/>
  <system-out/>
  <testcase classname="testNGpackge.Redifftesting" name="countrycode" time="0.104"/>
  <system-out/>
</testsuite> <!-- testNGpackge.Redifftesting -->
