<?xml version="1.0" encoding="UTF-8"?>
<!-- Generated by org.testng.reporters.JUnitReportReporter -->
<testsuite hostname="DESKTOP-OQR98QU" failures="0" tests="1" name="test.fblogintest" time="0.611" errors="0" timestamp="2023-01-25T14:15:42 IST" skipped="0">
  <testcase classname="test.fblogintest" name="test1" time="0.611"/>
  <system-out/>
</testsuite> <!-- test.fblogintest -->
