<?xml version="1.0" encoding="UTF-8"?>
<!-- Generated by org.testng.reporters.JUnitReportReporter -->
<testsuite hostname="DESKTOP-OQR98QU" failures="0" tests="1" name="testNGpackge.Gurusitepgm2" time="7.986" errors="0" timestamp="2023-01-18T15:05:01 IST" skipped="0">
  <testcase classname="testNGpackge.Gurusitepgm2" name="test1" time="7.986"/>
  <system-out/>
</testsuite> <!-- testNGpackge.Gurusitepgm2 -->
