<?xml version="1.0" encoding="UTF-8"?>
<!-- Generated by org.testng.reporters.JUnitReportReporter -->
<testsuite hostname="DESKTOP-OQR98QU" failures="0" tests="1" name="testNGpackge.Dropdownpgm" time="0.991" errors="0" timestamp="2023-01-17T14:20:33 IST" skipped="0">
  <testcase classname="testNGpackge.Dropdownpgm" name="test1" time="0.991"/>
  <system-out/>
</testsuite> <!-- testNGpackge.Dropdownpgm -->
