<?xml version="1.0" encoding="UTF-8"?>
<!-- Generated by org.testng.reporters.JUnitReportReporter -->
<testsuite hostname="DESKTOP-OQR98QU" failures="0" tests="1" name="test.passworderrortest" time="0.172" errors="0" timestamp="2023-01-25T14:49:38 IST" skipped="0">
  <testcase classname="test.passworderrortest" name="test1" time="0.172"/>
  <system-out/>
</testsuite> <!-- test.passworderrortest -->
