<?xml version="1.0" encoding="UTF-8"?>
<!-- Generated by org.testng.reporters.JUnitReportReporter -->
<testsuite hostname="DESKTOP-OQR98QU" failures="0" tests="3" name="testNGpackge.Groupingdemo" time="0.038" errors="0" timestamp="2023-01-16T12:04:53 IST" skipped="0">
  <testcase classname="testNGpackge.Groupingdemo" name="test3" time="0.009"/>
  <system-out/>
  <testcase classname="testNGpackge.Groupingdemo" name="test1" time="0.017"/>
  <system-out/>
  <testcase classname="testNGpackge.Groupingdemo" name="test2" time="0.012"/>
  <system-out/>
</testsuite> <!-- testNGpackge.Groupingdemo -->
