<?xml version="1.0" encoding="UTF-8"?>
<!-- Generated by org.testng.reporters.JUnitReportReporter -->
<testsuite hostname="DESKTOP-OQR98QU" failures="0" tests="1" name="testNGpackge.Fileuploadusingrobotclass" time="0.859" errors="0" timestamp="2023-01-23T14:02:15 IST" skipped="0">
  <testcase classname="testNGpackge.Fileuploadusingrobotclass" name="test1" time="0.859"/>
  <system-out/>
</testsuite> <!-- testNGpackge.Fileuploadusingrobotclass -->
