<?xml version="1.0" encoding="UTF-8"?>
<!-- Generated by org.testng.reporters.JUnitReportReporter -->
<testsuite hostname="DESKTOP-OQR98QU" failures="0" tests="1" name="test.ksrtctest" time="0.188" errors="0" timestamp="2023-01-28T23:23:55 IST" skipped="0">
  <testcase classname="test.ksrtctest" name="test1" time="0.188"/>
  <system-out/>
</testsuite> <!-- test.ksrtctest -->
