<?xml version="1.0" encoding="UTF-8"?>
<!-- Generated by org.testng.reporters.JUnitReportReporter -->
<testsuite hostname="DESKTOP-OQR98QU" failures="0" tests="1" name="testNGpackge.Fileupload" time="7.896" errors="0" timestamp="2023-01-20T14:32:31 IST" skipped="0">
  <testcase classname="testNGpackge.Fileupload" name="test1" time="7.896"/>
  <system-out/>
</testsuite> <!-- testNGpackge.Fileupload -->
