<?xml version="1.0" encoding="UTF-8"?>
<!-- Generated by org.testng.reporters.JUnitReportReporter -->
<testsuite hostname="DESKTOP-OQR98QU" failures="0" tests="2" name="testNGpackge.Rightanddoubleclickpgm" time="2.386" errors="0" timestamp="2023-01-18T08:44:22 IST" skipped="0">
  <testcase classname="testNGpackge.Rightanddoubleclickpgm" name="test2" time="0.586"/>
  <system-out/>
  <testcase classname="testNGpackge.Rightanddoubleclickpgm" name="test1" time="1.800"/>
  <system-out/>
</testsuite> <!-- testNGpackge.Rightanddoubleclickpgm -->
