<?xml version="1.0" encoding="UTF-8"?>
<!-- Generated by org.testng.reporters.JUnitReportReporter -->
<testsuite hostname="DESKTOP-OQR98QU" failures="0" tests="1" name="testNGpackge.Parameterizationpgm" time="5.488" errors="0" timestamp="2023-01-16T12:27:35 IST" skipped="0">
  <testcase classname="testNGpackge.Parameterizationpgm" name="test1" time="5.488"/>
  <system-out/>
</testsuite> <!-- testNGpackge.Parameterizationpgm -->
