<?xml version="1.0" encoding="UTF-8"?>
<!-- Generated by org.testng.reporters.JUnitReportReporter -->
<testsuite hostname="DESKTOP-OQR98QU" failures="0" tests="1" name="testNGpackge.Datadrivernpgm" time="6.405" errors="0" timestamp="2023-01-19T14:52:12 IST" skipped="0">
  <testcase classname="testNGpackge.Datadrivernpgm" name="test1" time="6.405"/>
  <system-out/>
</testsuite> <!-- testNGpackge.Datadrivernpgm -->
