<?xml version="1.0" encoding="UTF-8"?>
<!-- Generated by org.testng.reporters.JUnitReportReporter -->
<testsuite hostname="DESKTOP-OQR98QU" failures="0" tests="2" name="testNGpackge.TestNGdemo1" time="0.037" errors="0" timestamp="2023-01-13T13:04:37 IST" skipped="1">
  <testcase classname="testNGpackge.TestNGdemo1" name="test2" time="0.037"/>
  <system-out/>
  <testcase classname="testNGpackge.TestNGdemo1" name="test1">
    <skipped/>
  </testcase> <!-- test1 -->
  <system-out/>
</testsuite> <!-- testNGpackge.TestNGdemo1 -->
